<?xml version="1.0" encoding="UTF-8"?>
<!-- Generated by org.testng.reporters.JUnitReportReporter -->
<testsuite hostname="Biswajit-PC" name="com.ubique.test.LoginGmail" tests="1" failures="0" timestamp="22 Sep 2014 13:32:28 GMT" time="2.365" errors="0">
  <testcase name="loginGoogleMail" time="2.365" classname="com.ubique.test.LoginGmail"/>
</testsuite> <!-- com.ubique.test.LoginGmail -->
